[Sun, 08 Apr 18 17:02:32 +0700][ERROR] [2]: LoginController handler class cannot be loaded

[Sun, 08 Apr 18 17:12:29 +0700][ERROR] [2]: HpublicController handler class cannot be loaded

[Sun, 08 Apr 18 17:12:29 +0700][ERROR] [2]: HpublicController handler class cannot be loaded

[Sun, 08 Apr 18 17:12:30 +0700][ERROR] [2]: HpublicController handler class cannot be loaded

[Sun, 08 Apr 18 17:12:30 +0700][ERROR] [2]: HpublicController handler class cannot be loaded

[Sun, 08 Apr 18 17:12:35 +0700][ERROR] [2]: HpublicController handler class cannot be loaded

[Sun, 08 Apr 18 17:12:40 +0700][ERROR] [2]: HpublicController handler class cannot be loaded

[Sun, 08 Apr 18 17:12:41 +0700][ERROR] [2]: HpublicController handler class cannot be loaded

[Sun, 08 Apr 18 17:12:42 +0700][ERROR] [2]: HpublicController handler class cannot be loaded

[Sun, 08 Apr 18 19:55:18 +0700][ERROR] [2]: ViewsController handler class cannot be loaded

[Sun, 08 Apr 18 19:55:26 +0700][ERROR] [2]: ViewsController handler class cannot be loaded

[Sun, 08 Apr 18 19:55:31 +0700][ERROR] [2]: ViewsController handler class cannot be loaded

[Sun, 08 Apr 18 20:13:24 +0700][ERROR] [5]: Action 'profile' was not found on handler 'profile'

[Sun, 08 Apr 18 20:13:24 +0700][ERROR] [5]: Action 'profile' was not found on handler 'profile'

[Sun, 08 Apr 18 20:13:25 +0700][ERROR] [5]: Action 'profile' was not found on handler 'profile'

[Sun, 08 Apr 18 20:13:26 +0700][ERROR] [5]: Action 'profile' was not found on handler 'profile'

[Sun, 08 Apr 18 20:13:26 +0700][ERROR] [5]: Action 'profile' was not found on handler 'profile'

[Sun, 08 Apr 18 20:13:34 +0700][ERROR] [5]: Action 'profile' was not found on handler 'profile'

[Sun, 08 Apr 18 20:15:10 +0700][ERROR] [5]: Action 'profile' was not found on handler 'profile'

[Sun, 08 Apr 18 20:15:10 +0700][ERROR] [5]: Action 'profile' was not found on handler 'profile'

[Sun, 08 Apr 18 20:15:11 +0700][ERROR] [5]: Action 'profile' was not found on handler 'profile'

[Sun, 08 Apr 18 20:15:11 +0700][ERROR] [5]: Action 'profile' was not found on handler 'profile'

[Sun, 08 Apr 18 20:15:11 +0700][ERROR] [5]: Action 'profile' was not found on handler 'profile'

[Sun, 08 Apr 18 20:15:11 +0700][ERROR] [5]: Action 'profile' was not found on handler 'profile'

[Sun, 08 Apr 18 20:15:11 +0700][ERROR] [5]: Action 'profile' was not found on handler 'profile'

[Sun, 08 Apr 18 20:15:12 +0700][ERROR] [5]: Action 'profile' was not found on handler 'profile'

[Sun, 08 Apr 18 20:15:12 +0700][ERROR] [5]: Action 'profile' was not found on handler 'profile'

[Sun, 08 Apr 18 20:15:12 +0700][ERROR] [5]: Action 'profile' was not found on handler 'profile'

[Sun, 08 Apr 18 20:15:13 +0700][ERROR] [5]: Action 'profile' was not found on handler 'profile'

[Sun, 08 Apr 18 20:15:13 +0700][ERROR] [5]: Action 'profile' was not found on handler 'profile'

[Sun, 08 Apr 18 20:15:17 +0700][ERROR] [5]: Action 'profile' was not found on handler 'profile'

[Sun, 08 Apr 18 20:15:22 +0700][ERROR] [5]: Action 'profile' was not found on handler 'profile'

[Sun, 08 Apr 18 20:15:24 +0700][ERROR] [5]: Action 'profile' was not found on handler 'profile'

[Sun, 08 Apr 18 20:15:27 +0700][ERROR] [5]: Action 'profile' was not found on handler 'profile'

[Sun, 08 Apr 18 20:16:27 +0700][ERROR] [2]: AboutController handler class cannot be loaded

[Sun, 08 Apr 18 20:16:27 +0700][ERROR] [2]: AboutController handler class cannot be loaded

[Sun, 08 Apr 18 20:16:27 +0700][ERROR] [2]: AboutController handler class cannot be loaded

[Sun, 08 Apr 18 20:16:27 +0700][ERROR] [2]: AboutController handler class cannot be loaded

[Sun, 08 Apr 18 20:16:28 +0700][ERROR] [2]: AboutController handler class cannot be loaded

[Sun, 08 Apr 18 20:16:28 +0700][ERROR] [2]: AboutController handler class cannot be loaded

[Sun, 08 Apr 18 20:16:28 +0700][ERROR] [2]: AboutController handler class cannot be loaded

[Sun, 08 Apr 18 20:16:28 +0700][ERROR] [2]: AboutController handler class cannot be loaded

[Sun, 08 Apr 18 20:16:29 +0700][ERROR] [2]: AboutController handler class cannot be loaded

[Sun, 08 Apr 18 20:16:29 +0700][ERROR] [2]: AboutController handler class cannot be loaded

[Sun, 08 Apr 18 20:16:29 +0700][ERROR] [2]: AboutController handler class cannot be loaded

[Sun, 08 Apr 18 20:16:29 +0700][ERROR] [2]: AboutController handler class cannot be loaded

[Sun, 08 Apr 18 20:16:29 +0700][ERROR] [2]: AboutController handler class cannot be loaded

[Sun, 08 Apr 18 20:16:41 +0700][ERROR] [2]: AboutController handler class cannot be loaded

[Sun, 08 Apr 18 20:16:58 +0700][ERROR] [5]: Action 'profile' was not found on handler 'profile'

[Sun, 08 Apr 18 20:18:50 +0700][ERROR] [5]: Action 'profile' was not found on handler 'profile'

[Sun, 08 Apr 18 20:18:50 +0700][ERROR] [5]: Action 'profile' was not found on handler 'profile'

[Sun, 08 Apr 18 20:18:51 +0700][ERROR] [5]: Action 'profile' was not found on handler 'profile'

[Sun, 08 Apr 18 20:18:51 +0700][ERROR] [5]: Action 'profile' was not found on handler 'profile'

[Sun, 08 Apr 18 20:18:51 +0700][ERROR] [5]: Action 'profile' was not found on handler 'profile'

[Sun, 08 Apr 18 20:18:51 +0700][ERROR] [5]: Action 'profile' was not found on handler 'profile'

[Sun, 08 Apr 18 20:18:52 +0700][ERROR] [5]: Action 'profile' was not found on handler 'profile'

[Sun, 08 Apr 18 20:18:52 +0700][ERROR] [5]: Action 'profile' was not found on handler 'profile'

[Sun, 08 Apr 18 20:18:52 +0700][ERROR] [5]: Action 'profile' was not found on handler 'profile'

[Sun, 08 Apr 18 20:18:52 +0700][ERROR] [5]: Action 'profile' was not found on handler 'profile'

[Sun, 08 Apr 18 20:18:52 +0700][ERROR] [5]: Action 'profile' was not found on handler 'profile'

[Sun, 08 Apr 18 20:18:55 +0700][ERROR] [5]: Action 'profile' was not found on handler 'profile'

[Sun, 08 Apr 18 20:18:56 +0700][ERROR] [5]: Action 'profile' was not found on handler 'profile'

[Sun, 08 Apr 18 20:18:58 +0700][ERROR] [5]: Action 'profile' was not found on handler 'profile'

[Sun, 08 Apr 18 20:18:59 +0700][ERROR] [5]: Action 'profile' was not found on handler 'profile'

[Sun, 08 Apr 18 20:18:59 +0700][ERROR] [5]: Action 'profile' was not found on handler 'profile'

[Sun, 08 Apr 18 20:18:59 +0700][ERROR] [5]: Action 'profile' was not found on handler 'profile'

[Sun, 08 Apr 18 20:18:59 +0700][ERROR] [5]: Action 'profile' was not found on handler 'profile'

[Sun, 08 Apr 18 20:19:48 +0700][ERROR] [2]: Lab3Controller handler class cannot be loaded

[Sun, 08 Apr 18 20:19:49 +0700][ERROR] [2]: Lab3Controller handler class cannot be loaded

[Sun, 08 Apr 18 20:19:50 +0700][ERROR] [2]: Lab3Controller handler class cannot be loaded

[Sun, 08 Apr 18 20:19:50 +0700][ERROR] [2]: Lab3Controller handler class cannot be loaded

[Sun, 08 Apr 18 20:19:50 +0700][ERROR] [2]: Lab3Controller handler class cannot be loaded

[Sun, 08 Apr 18 20:19:52 +0700][ERROR] [2]: Lab3Controller handler class cannot be loaded

[Sun, 08 Apr 18 20:19:52 +0700][ERROR] [2]: Lab3Controller handler class cannot be loaded

[Sun, 08 Apr 18 20:19:52 +0700][ERROR] [2]: Lab3Controller handler class cannot be loaded

[Sun, 08 Apr 18 20:19:52 +0700][ERROR] [2]: Lab3Controller handler class cannot be loaded

[Sun, 08 Apr 18 20:19:53 +0700][ERROR] [2]: Lab3Controller handler class cannot be loaded

[Sun, 08 Apr 18 20:19:53 +0700][ERROR] [2]: Lab3Controller handler class cannot be loaded

[Sun, 08 Apr 18 20:19:58 +0700][ERROR] [2]: Lab3Controller handler class cannot be loaded

[Sun, 08 Apr 18 20:20:01 +0700][ERROR] [2]: Lab3Controller handler class cannot be loaded

[Sun, 08 Apr 18 20:20:47 +0700][ERROR] [5]: Action 'authen' was not found on handler 'profile'

[Sun, 08 Apr 18 20:20:49 +0700][ERROR] [5]: Action 'authen' was not found on handler 'profile'

[Sun, 08 Apr 18 20:20:49 +0700][ERROR] [5]: Action 'authen' was not found on handler 'profile'

[Sun, 08 Apr 18 20:20:49 +0700][ERROR] [5]: Action 'authen' was not found on handler 'profile'

[Sun, 08 Apr 18 20:20:49 +0700][ERROR] [5]: Action 'authen' was not found on handler 'profile'

[Sun, 08 Apr 18 20:20:50 +0700][ERROR] [5]: Action 'authen' was not found on handler 'profile'

[Sun, 08 Apr 18 20:20:50 +0700][ERROR] [5]: Action 'authen' was not found on handler 'profile'

[Sun, 08 Apr 18 20:20:50 +0700][ERROR] [5]: Action 'authen' was not found on handler 'profile'

[Sun, 08 Apr 18 20:23:49 +0700][ERROR] [5]: Action 'about' was not found on handler 'profile'

[Sun, 08 Apr 18 20:23:50 +0700][ERROR] [5]: Action 'profile' was not found on handler 'profile'

[Sun, 08 Apr 18 20:23:51 +0700][ERROR] [5]: Action 'profile' was not found on handler 'profile'

[Sun, 08 Apr 18 20:23:51 +0700][ERROR] [5]: Action 'profile' was not found on handler 'profile'

[Sun, 08 Apr 18 20:23:51 +0700][ERROR] [5]: Action 'profile' was not found on handler 'profile'

[Sun, 08 Apr 18 20:23:52 +0700][ERROR] [5]: Action 'profile' was not found on handler 'profile'

[Sun, 08 Apr 18 20:23:53 +0700][ERROR] [5]: Action 'profile' was not found on handler 'profile'

[Sun, 08 Apr 18 20:23:53 +0700][ERROR] [5]: Action 'profile' was not found on handler 'profile'

[Sun, 08 Apr 18 20:23:54 +0700][ERROR] [5]: Action 'about' was not found on handler 'profile'

[Sun, 08 Apr 18 20:25:35 +0700][ERROR] [5]: Action 'profile' was not found on handler 'profile'

[Sun, 08 Apr 18 20:32:41 +0700][ERROR] [5]: Action 'profile' was not found on handler 'profile'

[Sun, 08 Apr 18 20:36:21 +0700][ERROR] [5]: Action 'authen' was not found on handler 'profile'

[Sun, 08 Apr 18 20:36:23 +0700][ERROR] [5]: Action 'authen' was not found on handler 'profile'

[Sun, 08 Apr 18 20:36:23 +0700][ERROR] [5]: Action 'authen' was not found on handler 'profile'

[Sun, 08 Apr 18 20:36:24 +0700][ERROR] [5]: Action 'authen' was not found on handler 'profile'

[Sun, 08 Apr 18 20:36:24 +0700][ERROR] [5]: Action 'authen' was not found on handler 'profile'

[Sun, 08 Apr 18 20:38:25 +0700][ERROR] [2]: ProfileฝaboutController handler class cannot be loaded

[Sun, 08 Apr 18 20:38:32 +0700][ERROR] [2]: ProfileฝaboutController handler class cannot be loaded

[Sun, 08 Apr 18 20:40:52 +0700][ERROR] [5]: Action 'profile' was not found on handler 'profile'

[Sun, 08 Apr 18 20:40:55 +0700][ERROR] [5]: Action 'profile' was not found on handler 'profile'

[Sun, 08 Apr 18 20:40:55 +0700][ERROR] [5]: Action 'profile' was not found on handler 'profile'

[Sun, 08 Apr 18 20:40:56 +0700][ERROR] [5]: Action 'profile' was not found on handler 'profile'

[Sun, 08 Apr 18 20:40:57 +0700][ERROR] [5]: Action 'profile' was not found on handler 'profile'

[Sun, 08 Apr 18 20:41:40 +0700][ERROR] [5]: Action 'profile' was not found on handler 'profile'

[Sun, 08 Apr 18 20:41:51 +0700][ERROR] [5]: Action 'authen' was not found on handler 'profile'

[Sun, 08 Apr 18 21:14:46 +0700][ERROR] [2]: CssController handler class cannot be loaded

[Sun, 08 Apr 18 21:14:47 +0700][ERROR] [2]: CssController handler class cannot be loaded

[Sun, 08 Apr 18 21:15:15 +0700][ERROR] [2]: CssController handler class cannot be loaded

[Sun, 08 Apr 18 21:15:15 +0700][ERROR] [2]: CssController handler class cannot be loaded

[Sun, 08 Apr 18 21:26:16 +0700][ERROR] [2]: CssController handler class cannot be loaded

[Sun, 08 Apr 18 21:30:09 +0700][ERROR] [2]: CssController handler class cannot be loaded

[Sun, 08 Apr 18 21:33:01 +0700][ERROR] [2]: CssController handler class cannot be loaded

[Sun, 08 Apr 18 21:37:43 +0700][ERROR] [2]: CssController handler class cannot be loaded

[Sun, 08 Apr 18 21:37:46 +0700][ERROR] [2]: CssController handler class cannot be loaded

[Sun, 08 Apr 18 21:37:51 +0700][ERROR] [2]: CssController handler class cannot be loaded

[Sun, 08 Apr 18 21:37:58 +0700][ERROR] [5]: Action 'authen' was not found on handler 'profile'

[Sun, 08 Apr 18 21:38:06 +0700][ERROR] [2]: CssController handler class cannot be loaded

[Sun, 08 Apr 18 21:38:08 +0700][ERROR] [2]: CssController handler class cannot be loaded

[Sun, 08 Apr 18 21:45:42 +0700][ERROR] [2]: CssController handler class cannot be loaded

[Sun, 08 Apr 18 21:46:31 +0700][ERROR] [2]: CssController handler class cannot be loaded

[Sun, 08 Apr 18 22:33:38 +0700][ERROR] [2]: ImagController handler class cannot be loaded

[Sun, 08 Apr 18 22:33:39 +0700][ERROR] [2]: ImagController handler class cannot be loaded

[Sun, 08 Apr 18 22:33:54 +0700][ERROR] [2]: ImagController handler class cannot be loaded

[Sun, 08 Apr 18 22:37:24 +0700][ERROR] [5]: Action 'authen' was not found on handler 'profile'

